[debug] [2024-02-15T03:10:16.927Z] ----------------------------------------------------------------------
[debug] [2024-02-15T03:10:16.929Z] Command:       C:\Program Files\nodejs\node.exe C:\Users\ashe6\AppData\Roaming\npm\node_modules\firebase-tools\lib\bin\firebase.js emulators:start --only functions
[debug] [2024-02-15T03:10:16.929Z] CLI Version:   13.2.1
[debug] [2024-02-15T03:10:16.929Z] Platform:      win32
[debug] [2024-02-15T03:10:16.929Z] Node Version:  v20.10.0
[debug] [2024-02-15T03:10:16.929Z] Time:          Wed Feb 14 2024 21:10:16 GMT-0600 (Central Standard Time)
[debug] [2024-02-15T03:10:16.929Z] ----------------------------------------------------------------------
[debug] 
[debug] [2024-02-15T03:10:17.018Z] > command requires scopes: ["email","openid","https://www.googleapis.com/auth/cloudplatformprojects.readonly","https://www.googleapis.com/auth/firebase","https://www.googleapis.com/auth/cloud-platform"]
[debug] [2024-02-15T03:10:17.019Z] > authorizing via signed-in user (ashenafiendeshaw67@gmail.com)
[info] i  emulators: Starting emulators: functions {"metadata":{"emulator":{"name":"hub"},"message":"Starting emulators: functions"}}
[debug] [2024-02-15T03:10:17.027Z] [logging] Logging Emulator only supports listening on one address (127.0.0.1). Not listening on ::1
[debug] [2024-02-15T03:10:17.027Z] assigned listening specs for emulators {"user":{"hub":[{"address":"127.0.0.1","family":"IPv4","port":4400},{"address":"::1","family":"IPv6","port":4400}],"ui":[{"address":"127.0.0.1","family":"IPv4","port":4000},{"address":"::1","family":"IPv6","port":4000}],"logging":[{"address":"127.0.0.1","family":"IPv4","port":4500}]},"metadata":{"message":"assigned listening specs for emulators"}}
[warn] !  emulators: It seems that you are running multiple instances of the emulator suite for project clone-ab96a. This may result in unexpected behavior. 
[debug] [2024-02-15T03:10:17.035Z] [hub] writing locator at C:\Users\ashe6\AppData\Local\Temp\hub-clone-ab96a.json
[debug] [2024-02-15T03:10:17.045Z] [functions] Functions Emulator only supports listening on one address (127.0.0.1). Not listening on ::1
[debug] [2024-02-15T03:10:17.045Z] [eventarc] Eventarc Emulator only supports listening on one address (127.0.0.1). Not listening on ::1
[debug] [2024-02-15T03:10:17.045Z] late-assigned ports for functions and eventarc emulators {"user":{"hub":[{"address":"127.0.0.1","family":"IPv4","port":4400},{"address":"::1","family":"IPv6","port":4400}],"ui":[{"address":"127.0.0.1","family":"IPv4","port":4000},{"address":"::1","family":"IPv6","port":4000}],"logging":[{"address":"127.0.0.1","family":"IPv4","port":4500}],"functions":[{"address":"127.0.0.1","family":"IPv4","port":5001}],"eventarc":[{"address":"127.0.0.1","family":"IPv4","port":9299}]},"metadata":{"message":"late-assigned ports for functions and eventarc emulators"}}
[warn] !  functions: The following emulators are not running, calls to these services from the Functions emulator will affect production: auth, firestore, database, hosting, pubsub, storage {"metadata":{"emulator":{"name":"functions"},"message":"The following emulators are not running, calls to these services from the Functions emulator will affect production: \u001b[1mauth, firestore, database, hosting, pubsub, storage\u001b[22m"}}
[debug] [2024-02-15T03:10:17.047Z] defaultcredentials: writing to file C:\Users\ashe6\AppData\Roaming\firebase\ashenafiendeshaw67_gmail_com_application_default_credentials.json
[debug] [2024-02-15T03:10:17.057Z] Setting GAC to C:\Users\ashe6\AppData\Roaming\firebase\ashenafiendeshaw67_gmail_com_application_default_credentials.json {"metadata":{"emulator":{"name":"functions"},"message":"Setting GAC to C:\\Users\\ashe6\\AppData\\Roaming\\firebase\\ashenafiendeshaw67_gmail_com_application_default_credentials.json"}}
[debug] [2024-02-15T03:10:17.058Z] > refreshing access token with scopes: []
[debug] [2024-02-15T03:10:17.059Z] >>> [apiv2][query] POST https://www.googleapis.com/oauth2/v3/token [none]
[debug] [2024-02-15T03:10:17.059Z] >>> [apiv2][body] POST https://www.googleapis.com/oauth2/v3/token [omitted]
[debug] [2024-02-15T03:10:17.205Z] <<< [apiv2][status] POST https://www.googleapis.com/oauth2/v3/token 200
[debug] [2024-02-15T03:10:17.205Z] <<< [apiv2][body] POST https://www.googleapis.com/oauth2/v3/token [omitted]
[debug] [2024-02-15T03:10:17.210Z] >>> [apiv2][query] GET https://firebase.googleapis.com/v1beta1/projects/clone-ab96a/adminSdkConfig [none]
[debug] [2024-02-15T03:10:17.491Z] <<< [apiv2][status] GET https://firebase.googleapis.com/v1beta1/projects/clone-ab96a/adminSdkConfig 200
[debug] [2024-02-15T03:10:17.491Z] <<< [apiv2][body] GET https://firebase.googleapis.com/v1beta1/projects/clone-ab96a/adminSdkConfig {"projectId":"clone-ab96a","storageBucket":"clone-ab96a.appspot.com"}
[debug] [2024-02-15T03:10:17.508Z] Ignoring unsupported arg: auto_download {"metadata":{"emulator":{"name":"ui"},"message":"Ignoring unsupported arg: auto_download"}}
[debug] [2024-02-15T03:10:17.508Z] Ignoring unsupported arg: port {"metadata":{"emulator":{"name":"ui"},"message":"Ignoring unsupported arg: port"}}
[debug] [2024-02-15T03:10:17.508Z] Starting Emulator UI with command {"binary":"node","args":["C:\\Users\\ashe6\\.cache\\firebase\\emulators\\ui-v1.11.7\\server\\server.js"],"optionalArgs":[],"joinArgs":false} {"metadata":{"emulator":{"name":"ui"},"message":"Starting Emulator UI with command {\"binary\":\"node\",\"args\":[\"C:\\\\Users\\\\ashe6\\\\.cache\\\\firebase\\\\emulators\\\\ui-v1.11.7\\\\server\\\\server.js\"],\"optionalArgs\":[],\"joinArgs\":false}"}}
[info] i  ui: Emulator UI logging to ui-debug.log {"metadata":{"emulator":{"name":"ui"},"message":"Emulator UI logging to \u001b[1mui-debug.log\u001b[22m"}}
[debug] [2024-02-15T03:10:17.592Z] Web / API server started at 127.0.0.1:4000
 {"metadata":{"emulator":{"name":"ui"},"message":"Web / API server started at 127.0.0.1:4000\n"}}
[debug] [2024-02-15T03:10:17.593Z] Web / API server started at ::1:4000
 {"metadata":{"emulator":{"name":"ui"},"message":"Web / API server started at ::1:4000\n"}}
[info] i  functions: Watching "C:\Users\ashe6\Desktop\Evangadi\Phase_4\Amazon_Clone_2024\amazon_clone\functions" for Cloud Functions... {"metadata":{"emulator":{"name":"functions"},"message":"Watching \"C:\\Users\\ashe6\\Desktop\\Evangadi\\Phase_4\\Amazon_Clone_2024\\amazon_clone\\functions\" for Cloud Functions..."}}
[debug] [2024-02-15T03:10:17.777Z] Validating nodejs source
[debug] [2024-02-15T03:10:18.706Z] > [functions] package.json contents: {
  "name": "functions",
  "description": "Cloud Functions for Firebase",
  "scripts": {
    "serve": "firebase emulators:start --only functions",
    "shell": "firebase functions:shell",
    "start": "npm run shell",
    "deploy": "firebase deploy --only functions",
    "logs": "firebase functions:log"
  },
  "engines": {
    "node": "18"
  },
  "main": "index.js",
  "dependencies": {
    "@stripe/react-stripe-js": "^2.5.0",
    "@stripe/stripe-js": "^3.0.2",
    "cors": "^2.8.5",
    "dotenv": "^16.4.3",
    "express": "^4.18.2",
    "firebase-admin": "^11.8.0",
    "firebase-functions": "^4.3.1",
    "stripe": "^14.16.0"
  },
  "devDependencies": {
    "firebase-functions-test": "^3.1.0"
  },
  "private": true
}
[debug] [2024-02-15T03:10:18.706Z] Building nodejs source
[debug] [2024-02-15T03:10:18.707Z] Failed to find version of module node: reached end of search path C:\Users\ashe6\Desktop\Evangadi\Phase_4\Amazon_Clone_2024\amazon_clone\functions\node_modules
[warn] !  functions: Your requested "node" version "18" doesn't match your global version "20". Using node@20 from host. 
[info] i  functions: Loaded environment variables from .env. 
[debug] [2024-02-15T03:10:18.709Z] Could not find functions.yaml. Must use http discovery
[debug] [2024-02-15T03:10:18.715Z] Found firebase-functions binary at 'C:\Users\ashe6\Desktop\Evangadi\Phase_4\Amazon_Clone_2024\amazon_clone\functions\node_modules\.bin\firebase-functions'
[info] Serving at port 8239

[debug] [2024-02-15T03:10:19.305Z] Got response from /__/functions.yaml {"endpoints":{"api":{"availableMemoryMb":null,"timeoutSeconds":null,"minInstances":null,"maxInstances":null,"ingressSettings":null,"concurrency":null,"serviceAccountEmail":null,"vpc":null,"platform":"gcfv2","labels":{},"httpsTrigger":{},"entryPoint":"api"}},"specVersion":"v1alpha1","requiredAPIs":[]}
[info] +  functions: Loaded functions definitions from source: api. {"metadata":{"emulator":{"name":"functions"},"message":"Loaded functions definitions from source: api."}}
[info] +  functions[us-central1-api]: http function initialized (http://127.0.0.1:5001/clone-ab96a/us-central1/api). {"metadata":{"emulator":{"name":"functions"},"message":"\u001b[1mhttp\u001b[22m function initialized (http://127.0.0.1:5001/clone-ab96a/us-central1/api)."}}
[info] 
┌─────────────────────────────────────────────────────────────┐
│ ✔  All emulators ready! It is now safe to connect your app. │
│ i  View Emulator UI at http://127.0.0.1:4000/               │
└─────────────────────────────────────────────────────────────┘

┌───────────┬────────────────┬─────────────────────────────────┐
│ Emulator  │ Host:Port      │ View in Emulator UI             │
├───────────┼────────────────┼─────────────────────────────────┤
│ Functions │ 127.0.0.1:5001 │ http://127.0.0.1:4000/functions │
└───────────┴────────────────┴─────────────────────────────────┘
  Emulator Hub running at 127.0.0.1:4400
  Other reserved ports: 4500

Issues? Report them at https://github.com/firebase/firebase-tools/issues and attach the *-debug.log files.
 
[debug] [2024-02-15T03:11:20.315Z] File C:\Users\ashe6\Desktop\Evangadi\Phase_4\Amazon_Clone_2024\amazon_clone\functions\index.js changed, reloading triggers {"metadata":{"emulator":{"name":"functions"},"message":"File C:\\Users\\ashe6\\Desktop\\Evangadi\\Phase_4\\Amazon_Clone_2024\\amazon_clone\\functions\\index.js changed, reloading triggers"}}
[debug] [2024-02-15T03:11:21.323Z] Validating nodejs source
[debug] [2024-02-15T03:11:23.057Z] > [functions] package.json contents: {
  "name": "functions",
  "description": "Cloud Functions for Firebase",
  "scripts": {
    "serve": "firebase emulators:start --only functions",
    "shell": "firebase functions:shell",
    "start": "npm run shell",
    "deploy": "firebase deploy --only functions",
    "logs": "firebase functions:log"
  },
  "engines": {
    "node": "18"
  },
  "main": "index.js",
  "dependencies": {
    "@stripe/react-stripe-js": "^2.5.0",
    "@stripe/stripe-js": "^3.0.2",
    "cors": "^2.8.5",
    "dotenv": "^16.4.3",
    "express": "^4.18.2",
    "firebase-admin": "^11.8.0",
    "firebase-functions": "^4.3.1",
    "stripe": "^14.16.0"
  },
  "devDependencies": {
    "firebase-functions-test": "^3.1.0"
  },
  "private": true
}
[debug] [2024-02-15T03:11:23.057Z] Building nodejs source
[debug] [2024-02-15T03:11:23.057Z] Failed to find version of module node: reached end of search path C:\Users\ashe6\Desktop\Evangadi\Phase_4\Amazon_Clone_2024\amazon_clone\functions\node_modules
[warn] !  functions: Your requested "node" version "18" doesn't match your global version "20". Using node@20 from host. 
[info] i  functions: Loaded environment variables from .env. 
[debug] [2024-02-15T03:11:23.061Z] Could not find functions.yaml. Must use http discovery
[debug] [2024-02-15T03:11:23.067Z] Found firebase-functions binary at 'C:\Users\ashe6\Desktop\Evangadi\Phase_4\Amazon_Clone_2024\amazon_clone\functions\node_modules\.bin\firebase-functions'
